********************************************************************************
   General Structure Analysis System-II Crystal Structure Refinement
              by Robert B. Von Dreele & Brian H. Toby
                Argonne National Laboratory(C), 2010
 This product includes software developed by the UChicago Argonne, LLC,
            as Operator of Argonne National Laboratory.
                          Please cite:
   B.H. Toby & R.B. Von Dreele, J. Appl. Cryst. 46, 544-549 (2013)
********************************************************************************
 Least squares controls:
 Refinement type: analytic Hessian
 Maximum number of cycles: 0
 Regularize hydrogens (if any): False
 Initial shift factor: 1.000

 Phases:

 Phase name: Cerium oxide
=======================================================================================================================================

 X-ray scattering factors:
   Symbol     fa                                      fb                                      fc
---------------------------------------------------------------------------------------------------
 Ce        21.16710  19.76950  11.85130   3.33049   2.81219   0.22684  17.60830 127.11300   1.86264
 O          3.04850   2.28680   1.54630   0.86700  13.27710   5.70110   0.32390  32.90890   0.25080

 Electron scattering factors:
   Symbol     fa                                                fb
---------------------------------------------------------------------------------------------------
 Ce         0.22270   1.07600   2.94820   5.84960   7.18340   0.05710   0.59460   3.20220  16.42530  95.70300
 O          0.03650   0.17290   0.58050   0.88140   0.31210   0.06520   0.61840   2.94490   9.62980  28.21940

 Neutron scattering factors:
   Symbol   isotope       mass       b       resonant terms
---------------------------------------------------------------------------------------------------
 Ce      Nat. Abund.    140.120    0.484
 O       Nat. Abund.     15.999    0.580

 Space Group: F m -3 m
 The lattice is centrosymmetric F-centered cubic
 The Laue symmetry is m3m
 The lattice point group is m3m
 Multiplicity of a general site is 192
 The inversion center is located at 0,0,0
 
 The equivalent positions are:

 (0,0,0; 0,1/2,1/2; 1/2,0,1/2; 1/2,1/2,0)+

 ( 1)     X,     Y,     Z 
 ( 2)     Z,     X,     Y 
 ( 3)     Y,     Z,     X 
 ( 4)     X,     Y,    -Z 
 ( 5)    -Z,     X,     Y 
 ( 6)     Y,    -Z,     X 
 ( 7)    -Z,     X,    -Y 
 ( 8)    -Y,    -Z,     X 
 ( 9)     Y,    -Z,    -X 
 (10)    -X,     Y,    -Z 
 (11)    -Z,    -X,     Y 
 (12)     X,    -Y,    -Z 
 (13)     Y,     X,     Z 
 (14)     Z,     Y,     X 
 (15)     X,     Z,     Y 
 (16)     Y,     X,    -Z 
 (17)    -Z,     Y,     X 
 (18)     X,    -Z,     Y 
 (19)    -Z,     Y,    -X 
 (20)    -X,    -Z,     Y 
 (21)     X,    -Z,    -Y 
 (22)    -Y,     X,    -Z 
 (23)    -Z,    -Y,     X 
 (24)     Y,    -X,    -Z 

 Atoms:
   name    type  refine?   x         y         z      frac site sym  mult I/A   Uiso     U11     U22     U33     U12     U13     U23
---------------------------------------------------------------------------------------------------------------------------------------
     Ce     Ce          0.00000   0.00000   0.00000   1.000    m3m    4    I 0.00633                                                
      O      O          0.25000   0.25000   0.25000   1.000   -43m    8    I 0.23000                                                

 Unit cell: a = 5.41500 b = 5.41500 c = 5.41500 alpha = 90.000 beta = 90.000 gamma = 90.000 volume = 158.780 Refine? False

 Phase: Cerium oxide in histogram: PWDR CW x-ray simulation
=======================================================================================================================================
 Phase fraction  :          1 Refine? False
 Extinction coeff:     0.0000 Refine? False
 March-Dollase PO:     1.0000 Refine? False Axis: 0 0 1

 Size model    : isotropic equatorial:       0.004 Refine? False
	 LG mixing coeff.:       1.0000 Refine? False

 Mustrain model: isotropic equatorial:      1000.0 Refine? False
	 LG mixing coeff.:      1.0000 Refine? False

 Hydrostatic/elastic strain:
 names :         D11          eA
 values:           0           0
 refine:       False       False
 Layer Displacement:      0.000 Refine? False

 Histogram: PWDR CW x-ray simulation histogram Id: 0
=======================================================================================================================================
 Instrument type: Bragg-Brentano
 Histogram limits:    15.00 deg to    90.00 deg

 Sample Parameters:
 Goniometer omega = 0.00, chi = 0.00, phi = 0.00
 name  :         Scale         Shift  Transparency    SurfRoughA    SurfRoughB
 value :        1.0000        0.0000        0.0000        0.0000        0.0000
 refine:          True         False         False         False         False

 Instrument Parameters:
 name  :     Azimuth I(L2)/I(L1)        Lam1        Lam2    Polariz.        SH/L           U           V           W
 value :    0.000000    0.500000    1.540500    1.544300    0.700000    0.002000    2.000000   -2.000000    5.000000
 refine:                   False                               False       False       False       False       False

 name  :           X           Y           Z        Zero
 value :    0.000000    0.000000    0.000000    0.000000
 refine:       False       False       False       False

 Background function: chebyschev-1 Refine? True
 Coefficients:      1.000     0.000     0.000     0.000
 Fixed background file: ; mult: 1.000  Refine? False

 Refinement results:
---------------------------------------------------------------------------------------------------------------------------------------
 Number of function calls: 0 No. of observations: 7501 No. of parameters: 5 User rejected: 0 Sp. gp. extinct: 0
 Refinement time =    0.125s,    0.125s/cycle, for 1 cycles
 wR =   55.81%, chi**2 =      21927.9, GOF =   1.71
